[2023-03-14 15:58:43] local.ERROR: In order to use the Auth::routes() method, please install the laravel/ui package. {"exception":"[object] (RuntimeException(code: 0): In order to use the Auth::routes() method, please install the laravel/ui package. at D:\\1. KULIAHH\\SEMESTER-4\\Web Lanjut\\1.0 Folder Projects_2\\prak_larv_projects\\prak_4\\04_praktikum_web_lanjut\\vendor\\laravel\\framework\\src\\Illuminate\\Support\\Facades\\Auth.php:93)
[stacktrace]
#0 D:\\1. KULIAHH\\SEMESTER-4\\Web Lanjut\\1.0 Folder Projects_2\\prak_larv_projects\\prak_4\\04_praktikum_web_lanjut\\routes\\web.php(20): Illuminate\\Support\\Facades\\Auth::routes()
#1 D:\\1. KULIAHH\\SEMESTER-4\\Web Lanjut\\1.0 Folder Projects_2\\prak_larv_projects\\prak_4\\04_praktikum_web_lanjut\\vendor\\laravel\\framework\\src\\Illuminate\\Routing\\RouteFileRegistrar.php(35): require('D:\\\\1. KULIAHH\\\\S...')
#2 D:\\1. KULIAHH\\SEMESTER-4\\Web Lanjut\\1.0 Folder Projects_2\\prak_larv_projects\\prak_4\\04_praktikum_web_lanjut\\vendor\\laravel\\framework\\src\\Illuminate\\Routing\\Router.php(503): Illuminate\\Routing\\RouteFileRegistrar->register('D:\\\\1. KULIAHH\\\\S...')
#3 D:\\1. KULIAHH\\SEMESTER-4\\Web Lanjut\\1.0 Folder Projects_2\\prak_larv_projects\\prak_4\\04_praktikum_web_lanjut\\vendor\\laravel\\framework\\src\\Illuminate\\Routing\\Router.php(457): Illuminate\\Routing\\Router->loadRoutes('D:\\\\1. KULIAHH\\\\S...')
#4 D:\\1. KULIAHH\\SEMESTER-4\\Web Lanjut\\1.0 Folder Projects_2\\prak_larv_projects\\prak_4\\04_praktikum_web_lanjut\\vendor\\laravel\\framework\\src\\Illuminate\\Routing\\RouteRegistrar.php(192): Illuminate\\Routing\\Router->group(Array, 'D:\\\\1. KULIAHH\\\\S...')
#5 D:\\1. KULIAHH\\SEMESTER-4\\Web Lanjut\\1.0 Folder Projects_2\\prak_larv_projects\\prak_4\\04_praktikum_web_lanjut\\app\\Providers\\RouteServiceProvider.php(35): Illuminate\\Routing\\RouteRegistrar->group('D:\\\\1. KULIAHH\\\\S...')
#6 D:\\1. KULIAHH\\SEMESTER-4\\Web Lanjut\\1.0 Folder Projects_2\\prak_larv_projects\\prak_4\\04_praktikum_web_lanjut\\vendor\\laravel\\framework\\src\\Illuminate\\Container\\BoundMethod.php(36): App\\Providers\\RouteServiceProvider->App\\Providers\\{closure}()
#7 D:\\1. KULIAHH\\SEMESTER-4\\Web Lanjut\\1.0 Folder Projects_2\\prak_larv_projects\\prak_4\\04_praktikum_web_lanjut\\vendor\\laravel\\framework\\src\\Illuminate\\Container\\Util.php(41): Illuminate\\Container\\BoundMethod::Illuminate\\Container\\{closure}()
#8 D:\\1. KULIAHH\\SEMESTER-4\\Web Lanjut\\1.0 Folder Projects_2\\prak_larv_projects\\prak_4\\04_praktikum_web_lanjut\\vendor\\laravel\\framework\\src\\Illuminate\\Container\\BoundMethod.php(81): Illuminate\\Container\\Util::unwrapIfClosure(Object(Closure))
#9 D:\\1. KULIAHH\\SEMESTER-4\\Web Lanjut\\1.0 Folder Projects_2\\prak_larv_projects\\prak_4\\04_praktikum_web_lanjut\\vendor\\laravel\\framework\\src\\Illuminate\\Container\\BoundMethod.php(35): Illuminate\\Container\\BoundMethod::callBoundMethod(Object(Illuminate\\Foundation\\Application), Object(Closure), Object(Closure))
#10 D:\\1. KULIAHH\\SEMESTER-4\\Web Lanjut\\1.0 Folder Projects_2\\prak_larv_projects\\prak_4\\04_praktikum_web_lanjut\\vendor\\laravel\\framework\\src\\Illuminate\\Container\\Container.php(661): Illuminate\\Container\\BoundMethod::call(Object(Illuminate\\Foundation\\Application), Object(Closure), Array, NULL)
#11 D:\\1. KULIAHH\\SEMESTER-4\\Web Lanjut\\1.0 Folder Projects_2\\prak_larv_projects\\prak_4\\04_praktikum_web_lanjut\\vendor\\laravel\\framework\\src\\Illuminate\\Foundation\\Support\\Providers\\RouteServiceProvider.php(120): Illuminate\\Container\\Container->call(Object(Closure))
#12 D:\\1. KULIAHH\\SEMESTER-4\\Web Lanjut\\1.0 Folder Projects_2\\prak_larv_projects\\prak_4\\04_praktikum_web_lanjut\\vendor\\laravel\\framework\\src\\Illuminate\\Foundation\\Support\\Providers\\RouteServiceProvider.php(45): Illuminate\\Foundation\\Support\\Providers\\RouteServiceProvider->loadRoutes()
#13 D:\\1. KULIAHH\\SEMESTER-4\\Web Lanjut\\1.0 Folder Projects_2\\prak_larv_projects\\prak_4\\04_praktikum_web_lanjut\\vendor\\laravel\\framework\\src\\Illuminate\\Container\\BoundMethod.php(36): Illuminate\\Foundation\\Support\\Providers\\RouteServiceProvider->Illuminate\\Foundation\\Support\\Providers\\{closure}()
#14 D:\\1. KULIAHH\\SEMESTER-4\\Web Lanjut\\1.0 Folder Projects_2\\prak_larv_projects\\prak_4\\04_praktikum_web_lanjut\\vendor\\laravel\\framework\\src\\Illuminate\\Container\\Util.php(41): Illuminate\\Container\\BoundMethod::Illuminate\\Container\\{closure}()
#15 D:\\1. KULIAHH\\SEMESTER-4\\Web Lanjut\\1.0 Folder Projects_2\\prak_larv_projects\\prak_4\\04_praktikum_web_lanjut\\vendor\\laravel\\framework\\src\\Illuminate\\Container\\BoundMethod.php(81): Illuminate\\Container\\Util::unwrapIfClosure(Object(Closure))
#16 D:\\1. KULIAHH\\SEMESTER-4\\Web Lanjut\\1.0 Folder Projects_2\\prak_larv_projects\\prak_4\\04_praktikum_web_lanjut\\vendor\\laravel\\framework\\src\\Illuminate\\Container\\BoundMethod.php(35): Illuminate\\Container\\BoundMethod::callBoundMethod(Object(Illuminate\\Foundation\\Application), Object(Closure), Object(Closure))
#17 D:\\1. KULIAHH\\SEMESTER-4\\Web Lanjut\\1.0 Folder Projects_2\\prak_larv_projects\\prak_4\\04_praktikum_web_lanjut\\vendor\\laravel\\framework\\src\\Illuminate\\Container\\Container.php(661): Illuminate\\Container\\BoundMethod::call(Object(Illuminate\\Foundation\\Application), Object(Closure), Array, NULL)
#18 D:\\1. KULIAHH\\SEMESTER-4\\Web Lanjut\\1.0 Folder Projects_2\\prak_larv_projects\\prak_4\\04_praktikum_web_lanjut\\vendor\\laravel\\framework\\src\\Illuminate\\Support\\ServiceProvider.php(119): Illuminate\\Container\\Container->call(Object(Closure))
#19 D:\\1. KULIAHH\\SEMESTER-4\\Web Lanjut\\1.0 Folder Projects_2\\prak_larv_projects\\prak_4\\04_praktikum_web_lanjut\\vendor\\laravel\\framework\\src\\Illuminate\\Foundation\\Application.php(1009): Illuminate\\Support\\ServiceProvider->callBootedCallbacks()
#20 D:\\1. KULIAHH\\SEMESTER-4\\Web Lanjut\\1.0 Folder Projects_2\\prak_larv_projects\\prak_4\\04_praktikum_web_lanjut\\vendor\\laravel\\framework\\src\\Illuminate\\Foundation\\Application.php(987): Illuminate\\Foundation\\Application->bootProvider(Object(App\\Providers\\RouteServiceProvider))
#21 [internal function]: Illuminate\\Foundation\\Application->Illuminate\\Foundation\\{closure}(Object(App\\Providers\\RouteServiceProvider), 23)
#22 D:\\1. KULIAHH\\SEMESTER-4\\Web Lanjut\\1.0 Folder Projects_2\\prak_larv_projects\\prak_4\\04_praktikum_web_lanjut\\vendor\\laravel\\framework\\src\\Illuminate\\Foundation\\Application.php(986): array_walk(Array, Object(Closure))
#23 D:\\1. KULIAHH\\SEMESTER-4\\Web Lanjut\\1.0 Folder Projects_2\\prak_larv_projects\\prak_4\\04_praktikum_web_lanjut\\vendor\\laravel\\framework\\src\\Illuminate\\Foundation\\Bootstrap\\BootProviders.php(17): Illuminate\\Foundation\\Application->boot()
#24 D:\\1. KULIAHH\\SEMESTER-4\\Web Lanjut\\1.0 Folder Projects_2\\prak_larv_projects\\prak_4\\04_praktikum_web_lanjut\\vendor\\laravel\\framework\\src\\Illuminate\\Foundation\\Application.php(261): Illuminate\\Foundation\\Bootstrap\\BootProviders->bootstrap(Object(Illuminate\\Foundation\\Application))
#25 D:\\1. KULIAHH\\SEMESTER-4\\Web Lanjut\\1.0 Folder Projects_2\\prak_larv_projects\\prak_4\\04_praktikum_web_lanjut\\vendor\\laravel\\framework\\src\\Illuminate\\Foundation\\Console\\Kernel.php(383): Illuminate\\Foundation\\Application->bootstrapWith(Array)
#26 D:\\1. KULIAHH\\SEMESTER-4\\Web Lanjut\\1.0 Folder Projects_2\\prak_larv_projects\\prak_4\\04_praktikum_web_lanjut\\vendor\\laravel\\framework\\src\\Illuminate\\Foundation\\Console\\Kernel.php(153): Illuminate\\Foundation\\Console\\Kernel->bootstrap()
#27 D:\\1. KULIAHH\\SEMESTER-4\\Web Lanjut\\1.0 Folder Projects_2\\prak_larv_projects\\prak_4\\04_praktikum_web_lanjut\\artisan(35): Illuminate\\Foundation\\Console\\Kernel->handle(Object(Symfony\\Component\\Console\\Input\\ArgvInput), Object(Symfony\\Component\\Console\\Output\\ConsoleOutput))
#28 {main}
"} 
[2023-03-14 16:00:49] local.ERROR: In order to use the Auth::routes() method, please install the laravel/ui package. {"exception":"[object] (RuntimeException(code: 0): In order to use the Auth::routes() method, please install the laravel/ui package. at D:\\1. KULIAHH\\SEMESTER-4\\Web Lanjut\\1.0 Folder Projects_2\\prak_larv_projects\\prak_4\\04_praktikum_web_lanjut\\vendor\\laravel\\framework\\src\\Illuminate\\Support\\Facades\\Auth.php:93)
[stacktrace]
#0 D:\\1. KULIAHH\\SEMESTER-4\\Web Lanjut\\1.0 Folder Projects_2\\prak_larv_projects\\prak_4\\04_praktikum_web_lanjut\\routes\\web.php(20): Illuminate\\Support\\Facades\\Auth::routes()
#1 D:\\1. KULIAHH\\SEMESTER-4\\Web Lanjut\\1.0 Folder Projects_2\\prak_larv_projects\\prak_4\\04_praktikum_web_lanjut\\vendor\\laravel\\framework\\src\\Illuminate\\Routing\\RouteFileRegistrar.php(35): require('D:\\\\1. KULIAHH\\\\S...')
#2 D:\\1. KULIAHH\\SEMESTER-4\\Web Lanjut\\1.0 Folder Projects_2\\prak_larv_projects\\prak_4\\04_praktikum_web_lanjut\\vendor\\laravel\\framework\\src\\Illuminate\\Routing\\Router.php(503): Illuminate\\Routing\\RouteFileRegistrar->register('D:\\\\1. KULIAHH\\\\S...')
#3 D:\\1. KULIAHH\\SEMESTER-4\\Web Lanjut\\1.0 Folder Projects_2\\prak_larv_projects\\prak_4\\04_praktikum_web_lanjut\\vendor\\laravel\\framework\\src\\Illuminate\\Routing\\Router.php(457): Illuminate\\Routing\\Router->loadRoutes('D:\\\\1. KULIAHH\\\\S...')
#4 D:\\1. KULIAHH\\SEMESTER-4\\Web Lanjut\\1.0 Folder Projects_2\\prak_larv_projects\\prak_4\\04_praktikum_web_lanjut\\vendor\\laravel\\framework\\src\\Illuminate\\Routing\\RouteRegistrar.php(192): Illuminate\\Routing\\Router->group(Array, 'D:\\\\1. KULIAHH\\\\S...')
#5 D:\\1. KULIAHH\\SEMESTER-4\\Web Lanjut\\1.0 Folder Projects_2\\prak_larv_projects\\prak_4\\04_praktikum_web_lanjut\\app\\Providers\\RouteServiceProvider.php(35): Illuminate\\Routing\\RouteRegistrar->group('D:\\\\1. KULIAHH\\\\S...')
#6 D:\\1. KULIAHH\\SEMESTER-4\\Web Lanjut\\1.0 Folder Projects_2\\prak_larv_projects\\prak_4\\04_praktikum_web_lanjut\\vendor\\laravel\\framework\\src\\Illuminate\\Container\\BoundMethod.php(36): App\\Providers\\RouteServiceProvider->App\\Providers\\{closure}()
#7 D:\\1. KULIAHH\\SEMESTER-4\\Web Lanjut\\1.0 Folder Projects_2\\prak_larv_projects\\prak_4\\04_praktikum_web_lanjut\\vendor\\laravel\\framework\\src\\Illuminate\\Container\\Util.php(41): Illuminate\\Container\\BoundMethod::Illuminate\\Container\\{closure}()
#8 D:\\1. KULIAHH\\SEMESTER-4\\Web Lanjut\\1.0 Folder Projects_2\\prak_larv_projects\\prak_4\\04_praktikum_web_lanjut\\vendor\\laravel\\framework\\src\\Illuminate\\Container\\BoundMethod.php(81): Illuminate\\Container\\Util::unwrapIfClosure(Object(Closure))
#9 D:\\1. KULIAHH\\SEMESTER-4\\Web Lanjut\\1.0 Folder Projects_2\\prak_larv_projects\\prak_4\\04_praktikum_web_lanjut\\vendor\\laravel\\framework\\src\\Illuminate\\Container\\BoundMethod.php(35): Illuminate\\Container\\BoundMethod::callBoundMethod(Object(Illuminate\\Foundation\\Application), Object(Closure), Object(Closure))
#10 D:\\1. KULIAHH\\SEMESTER-4\\Web Lanjut\\1.0 Folder Projects_2\\prak_larv_projects\\prak_4\\04_praktikum_web_lanjut\\vendor\\laravel\\framework\\src\\Illuminate\\Container\\Container.php(661): Illuminate\\Container\\BoundMethod::call(Object(Illuminate\\Foundation\\Application), Object(Closure), Array, NULL)
#11 D:\\1. KULIAHH\\SEMESTER-4\\Web Lanjut\\1.0 Folder Projects_2\\prak_larv_projects\\prak_4\\04_praktikum_web_lanjut\\vendor\\laravel\\framework\\src\\Illuminate\\Foundation\\Support\\Providers\\RouteServiceProvider.php(120): Illuminate\\Container\\Container->call(Object(Closure))
#12 D:\\1. KULIAHH\\SEMESTER-4\\Web Lanjut\\1.0 Folder Projects_2\\prak_larv_projects\\prak_4\\04_praktikum_web_lanjut\\vendor\\laravel\\framework\\src\\Illuminate\\Foundation\\Support\\Providers\\RouteServiceProvider.php(45): Illuminate\\Foundation\\Support\\Providers\\RouteServiceProvider->loadRoutes()
#13 D:\\1. KULIAHH\\SEMESTER-4\\Web Lanjut\\1.0 Folder Projects_2\\prak_larv_projects\\prak_4\\04_praktikum_web_lanjut\\vendor\\laravel\\framework\\src\\Illuminate\\Container\\BoundMethod.php(36): Illuminate\\Foundation\\Support\\Providers\\RouteServiceProvider->Illuminate\\Foundation\\Support\\Providers\\{closure}()
#14 D:\\1. KULIAHH\\SEMESTER-4\\Web Lanjut\\1.0 Folder Projects_2\\prak_larv_projects\\prak_4\\04_praktikum_web_lanjut\\vendor\\laravel\\framework\\src\\Illuminate\\Container\\Util.php(41): Illuminate\\Container\\BoundMethod::Illuminate\\Container\\{closure}()
#15 D:\\1. KULIAHH\\SEMESTER-4\\Web Lanjut\\1.0 Folder Projects_2\\prak_larv_projects\\prak_4\\04_praktikum_web_lanjut\\vendor\\laravel\\framework\\src\\Illuminate\\Container\\BoundMethod.php(81): Illuminate\\Container\\Util::unwrapIfClosure(Object(Closure))
#16 D:\\1. KULIAHH\\SEMESTER-4\\Web Lanjut\\1.0 Folder Projects_2\\prak_larv_projects\\prak_4\\04_praktikum_web_lanjut\\vendor\\laravel\\framework\\src\\Illuminate\\Container\\BoundMethod.php(35): Illuminate\\Container\\BoundMethod::callBoundMethod(Object(Illuminate\\Foundation\\Application), Object(Closure), Object(Closure))
#17 D:\\1. KULIAHH\\SEMESTER-4\\Web Lanjut\\1.0 Folder Projects_2\\prak_larv_projects\\prak_4\\04_praktikum_web_lanjut\\vendor\\laravel\\framework\\src\\Illuminate\\Container\\Container.php(661): Illuminate\\Container\\BoundMethod::call(Object(Illuminate\\Foundation\\Application), Object(Closure), Array, NULL)
#18 D:\\1. KULIAHH\\SEMESTER-4\\Web Lanjut\\1.0 Folder Projects_2\\prak_larv_projects\\prak_4\\04_praktikum_web_lanjut\\vendor\\laravel\\framework\\src\\Illuminate\\Support\\ServiceProvider.php(119): Illuminate\\Container\\Container->call(Object(Closure))
#19 D:\\1. KULIAHH\\SEMESTER-4\\Web Lanjut\\1.0 Folder Projects_2\\prak_larv_projects\\prak_4\\04_praktikum_web_lanjut\\vendor\\laravel\\framework\\src\\Illuminate\\Foundation\\Application.php(1009): Illuminate\\Support\\ServiceProvider->callBootedCallbacks()
#20 D:\\1. KULIAHH\\SEMESTER-4\\Web Lanjut\\1.0 Folder Projects_2\\prak_larv_projects\\prak_4\\04_praktikum_web_lanjut\\vendor\\laravel\\framework\\src\\Illuminate\\Foundation\\Application.php(987): Illuminate\\Foundation\\Application->bootProvider(Object(App\\Providers\\RouteServiceProvider))
#21 [internal function]: Illuminate\\Foundation\\Application->Illuminate\\Foundation\\{closure}(Object(App\\Providers\\RouteServiceProvider), 23)
#22 D:\\1. KULIAHH\\SEMESTER-4\\Web Lanjut\\1.0 Folder Projects_2\\prak_larv_projects\\prak_4\\04_praktikum_web_lanjut\\vendor\\laravel\\framework\\src\\Illuminate\\Foundation\\Application.php(986): array_walk(Array, Object(Closure))
#23 D:\\1. KULIAHH\\SEMESTER-4\\Web Lanjut\\1.0 Folder Projects_2\\prak_larv_projects\\prak_4\\04_praktikum_web_lanjut\\vendor\\laravel\\framework\\src\\Illuminate\\Foundation\\Bootstrap\\BootProviders.php(17): Illuminate\\Foundation\\Application->boot()
#24 D:\\1. KULIAHH\\SEMESTER-4\\Web Lanjut\\1.0 Folder Projects_2\\prak_larv_projects\\prak_4\\04_praktikum_web_lanjut\\vendor\\laravel\\framework\\src\\Illuminate\\Foundation\\Application.php(261): Illuminate\\Foundation\\Bootstrap\\BootProviders->bootstrap(Object(Illuminate\\Foundation\\Application))
#25 D:\\1. KULIAHH\\SEMESTER-4\\Web Lanjut\\1.0 Folder Projects_2\\prak_larv_projects\\prak_4\\04_praktikum_web_lanjut\\vendor\\laravel\\framework\\src\\Illuminate\\Foundation\\Console\\Kernel.php(383): Illuminate\\Foundation\\Application->bootstrapWith(Array)
#26 D:\\1. KULIAHH\\SEMESTER-4\\Web Lanjut\\1.0 Folder Projects_2\\prak_larv_projects\\prak_4\\04_praktikum_web_lanjut\\vendor\\laravel\\framework\\src\\Illuminate\\Foundation\\Console\\Kernel.php(153): Illuminate\\Foundation\\Console\\Kernel->bootstrap()
#27 D:\\1. KULIAHH\\SEMESTER-4\\Web Lanjut\\1.0 Folder Projects_2\\prak_larv_projects\\prak_4\\04_praktikum_web_lanjut\\artisan(35): Illuminate\\Foundation\\Console\\Kernel->handle(Object(Symfony\\Component\\Console\\Input\\ArgvInput), Object(Symfony\\Component\\Console\\Output\\ConsoleOutput))
#28 {main}
"} 
[2023-03-14 16:02:41] local.ERROR: Command "laravel/ui" is not defined. {"exception":"[object] (Symfony\\Component\\Console\\Exception\\CommandNotFoundException(code: 0): Command \"laravel/ui\" is not defined. at D:\\1. KULIAHH\\SEMESTER-4\\Web Lanjut\\1.0 Folder Projects_2\\prak_larv_projects\\prak_4\\04_praktikum_web_lanjut\\vendor\\symfony\\console\\Application.php:702)
[stacktrace]
#0 D:\\1. KULIAHH\\SEMESTER-4\\Web Lanjut\\1.0 Folder Projects_2\\prak_larv_projects\\prak_4\\04_praktikum_web_lanjut\\vendor\\symfony\\console\\Application.php(256): Symfony\\Component\\Console\\Application->find('laravel/ui')
#1 D:\\1. KULIAHH\\SEMESTER-4\\Web Lanjut\\1.0 Folder Projects_2\\prak_larv_projects\\prak_4\\04_praktikum_web_lanjut\\vendor\\symfony\\console\\Application.php(168): Symfony\\Component\\Console\\Application->doRun(Object(Symfony\\Component\\Console\\Input\\ArgvInput), Object(Symfony\\Component\\Console\\Output\\ConsoleOutput))
#2 D:\\1. KULIAHH\\SEMESTER-4\\Web Lanjut\\1.0 Folder Projects_2\\prak_larv_projects\\prak_4\\04_praktikum_web_lanjut\\vendor\\laravel\\framework\\src\\Illuminate\\Console\\Application.php(102): Symfony\\Component\\Console\\Application->run(Object(Symfony\\Component\\Console\\Input\\ArgvInput), Object(Symfony\\Component\\Console\\Output\\ConsoleOutput))
#3 D:\\1. KULIAHH\\SEMESTER-4\\Web Lanjut\\1.0 Folder Projects_2\\prak_larv_projects\\prak_4\\04_praktikum_web_lanjut\\vendor\\laravel\\framework\\src\\Illuminate\\Foundation\\Console\\Kernel.php(155): Illuminate\\Console\\Application->run(Object(Symfony\\Component\\Console\\Input\\ArgvInput), Object(Symfony\\Component\\Console\\Output\\ConsoleOutput))
#4 D:\\1. KULIAHH\\SEMESTER-4\\Web Lanjut\\1.0 Folder Projects_2\\prak_larv_projects\\prak_4\\04_praktikum_web_lanjut\\artisan(35): Illuminate\\Foundation\\Console\\Kernel->handle(Object(Symfony\\Component\\Console\\Input\\ArgvInput), Object(Symfony\\Component\\Console\\Output\\ConsoleOutput))
#5 {main}
"} 
